Arguments: 
  /usr/local/bin/node /Users/lgutierrez/.yarn/bin/yarn.js init

PATH: 
  /Users/lgutierrez/.yarn/bin:/Users/lgutierrez/.config/yarn/global/node_modules/.bin:/opt/homebrew/bin:/opt/homebrew/sbin:/usr/local/bin:/usr/bin:/bin:/usr/sbin:/sbin:/usr/local/go/bin:/opt/X11/bin:/Users/lgutierrez/.yarn/bin:/Users/lgutierrez/.config/yarn/global/node_modules/.bin:/opt/homebrew/bin:/opt/homebrew/sbin:/Users/lgutierrez/go/bin:/Users/lgutierrez/go/bin

Yarn version: 
  1.22.19

Node version: 
  18.16.1

Platform: 
  darwin arm64

Trace: 
  Error: canceled
      at Interface.<anonymous> (/Users/lgutierrez/.yarn/lib/cli.js:137150:13)
      at Interface.emit (node:events:513:28)
      at [_ttyWrite] [as _ttyWrite] (node:internal/readline/interface:1131:18)
      at ReadStream.onkeypress (node:internal/readline/interface:270:20)
      at ReadStream.emit (node:events:513:28)
      at emitKeys (node:internal/readline/utils:357:14)
      at emitKeys.next (<anonymous>)
      at ReadStream.onData (node:internal/readline/emitKeypressEvents:64:36)
      at ReadStream.emit (node:events:513:28)
      at addChunk (node:internal/streams/readable:324:12)

npm manifest: 
  {
    "name": "dslezana.io",
    "version": "1.0.0",
    "description": "Portfolio personal",
    "main": "index.js",
    "author": "leandrogutierrez148@gmail.com",
    "license": "MIT",
    "scripts": {
      "docs:dev": "vuepress dev src",
      "docs:build": "vuepress build src",
      "docs:clean-dev": "vuepress dev src --clean-cache",
      "docs:update-package": "npx vp-update"
    },
    "devDependencies": {
      "@vuepress/client": "2.0.0-beta.68",
      "@vuepress/plugin-docsearch": "^2.0.0-beta.67",
      "vue": "^3.3.8",
      "vuepress": "2.0.0-beta.68",
      "vuepress-theme-hope": "2.0.0-beta.250"
    },
    "repository": "https://github.com/dslezana/dslezana.github.io"
  }

yarn manifest: 
  No manifest

Lockfile: 
  No lockfile
